"2022-11-02 [restartedMain] INFO  com.example.server.ServerApplication - Starting ServerApplication using Java 19.0.1 on LAPTOP with PID 18636 (C:\Users\filip\Documents\UniversityStuff\SystemsIntegration\Assignment_2\server\target\classes started by filip in C:\Users\filip\Documents\UniversityStuff\SystemsIntegration\Assignment_2\server)
""2022-11-02 [restartedMain] INFO  com.example.server.ServerApplication - No active profile set, falling back to 1 default profile: "default"
""2022-11-02 [restartedMain] INFO  o.s.b.d.e.DevToolsPropertyDefaultsPostProcessor - Devtools property defaults active! Set 'spring.devtools.add-properties' to 'false' to disable
""2022-11-02 [restartedMain] INFO  o.s.b.d.e.DevToolsPropertyDefaultsPostProcessor - For additional web related logging consider setting the 'logging.level.web' property to 'DEBUG'
""2022-11-02 [restartedMain] INFO  o.s.d.r.c.RepositoryConfigurationDelegate - Bootstrapping Spring Data R2DBC repositories in DEFAULT mode.
""2022-11-02 [restartedMain] INFO  o.s.d.r.c.RepositoryConfigurationDelegate - Finished Spring Data repository scanning in 91 ms. Found 3 R2DBC repository interfaces.
""2022-11-02 [restartedMain] INFO  o.s.b.d.a.OptionalLiveReloadServer - LiveReload server is running on port 35729
""2022-11-02 [restartedMain] DEBUG o.s.w.r.r.m.a.RequestMappingHandlerMapping - 14 mappings in 'requestMappingHandlerMapping'
""2022-11-02 [restartedMain] DEBUG o.s.w.r.h.SimpleUrlHandlerMapping - Patterns [/webjars/**, /**] in 'resourceHandlerMapping'
""2022-11-02 [restartedMain] DEBUG o.s.w.r.r.m.a.ControllerMethodResolver - ControllerAdvice beans: none
""2022-11-02 [restartedMain] DEBUG o.s.w.s.a.HttpWebHandlerAdapter - enableLoggingRequestDetails='false': form data and headers will be masked to prevent unsafe logging of potentially sensitive data
""2022-11-02 [reactor-tcp-nio-1] DEBUG o.s.r.connection.init.ScriptUtils - Executing SQL script from URL [file:/C:/Users/filip/Documents/UniversityStuff/SystemsIntegration/Assignment_2/server/target/classes/schema.sql]
""2022-11-02 [reactor-tcp-nio-1] DEBUG o.s.r.connection.init.ScriptUtils - 0 returned as update count for SQL: DROP TABLE IF EXISTS student_professor
""2022-11-02 [reactor-tcp-nio-1] DEBUG o.s.r.connection.init.ScriptUtils - 0 returned as update count for SQL: DROP TABLE IF EXISTS student
""2022-11-02 [reactor-tcp-nio-1] DEBUG o.s.r.connection.init.ScriptUtils - 0 returned as update count for SQL: DROP TABLE IF EXISTS professor
""2022-11-02 [reactor-tcp-nio-1] DEBUG o.s.r.connection.init.ScriptUtils - 0 returned as update count for SQL: CREATE TABLE student ( id SERIAL, name VARCHAR(255) NOT NULL, birthdate VARCHAR(255) NOT NULL, credits INTEGER, average_grade INTEGER NOT NULL, PRIMARY KEY(id) )
""2022-11-02 [reactor-tcp-nio-1] DEBUG o.s.r.connection.init.ScriptUtils - 0 returned as update count for SQL: CREATE TABLE professor ( id SERIAL, name VARCHAR(255) NOT NULL, PRIMARY KEY(id) )
""2022-11-02 [reactor-tcp-nio-1] DEBUG o.s.r.connection.init.ScriptUtils - 0 returned as update count for SQL: CREATE TABLE student_professor ( id SERIAL, student_id BIGINT, professor_id BIGINT, PRIMARY KEY(id) )
""2022-11-02 [reactor-tcp-nio-1] DEBUG o.s.r.connection.init.ScriptUtils - 0 returned as update count for SQL: ALTER TABLE student_professor ADD CONSTRAINT student_professor_fk1 FOREIGN KEY (student_id) REFERENCES student(id)
""2022-11-02 [reactor-tcp-nio-1] DEBUG o.s.r.connection.init.ScriptUtils - 0 returned as update count for SQL: ALTER TABLE student_professor ADD CONSTRAINT student_professor_fk2 FOREIGN KEY (professor_id) REFERENCES professor(id)
""2022-11-02 [reactor-tcp-nio-1] DEBUG o.s.r.connection.init.ScriptUtils - 1 returned as update count for SQL: insert into student (name, birthdate, credits, average_grade) values ('Lucille', '04/12/2000', 103, 14)
""2022-11-02 [reactor-tcp-nio-1] DEBUG o.s.r.connection.init.ScriptUtils - 1 returned as update count for SQL: insert into student (name, birthdate, credits, average_grade) values ('Harrison', '11/10/2003', 4, 15)
""2022-11-02 [reactor-tcp-nio-1] DEBUG o.s.r.connection.init.ScriptUtils - 1 returned as update count for SQL: insert into student (name, birthdate, credits, average_grade) values ('Carl', '02/10/2004', 119, 20)
""2022-11-02 [reactor-tcp-nio-1] DEBUG o.s.r.connection.init.ScriptUtils - 1 returned as update count for SQL: insert into student (name, birthdate, credits, average_grade) values ('Bryon', '07/08/1998', 86, 15)
""2022-11-02 [reactor-tcp-nio-1] DEBUG o.s.r.connection.init.ScriptUtils - 1 returned as update count for SQL: insert into student (name, birthdate, credits, average_grade) values ('Angus', '08/09/2002', 160, 17)
""2022-11-02 [reactor-tcp-nio-1] DEBUG o.s.r.connection.init.ScriptUtils - 1 returned as update count for SQL: insert into student (name, birthdate, credits, average_grade) values ('Berti', '04/11/1999', 107, 17)
""2022-11-02 [reactor-tcp-nio-1] DEBUG o.s.r.connection.init.ScriptUtils - 1 returned as update count for SQL: insert into student (name, birthdate, credits, average_grade) values ('Faber', '03/02/1998', 169, 13)
""2022-11-02 [reactor-tcp-nio-1] DEBUG o.s.r.connection.init.ScriptUtils - 1 returned as update count for SQL: insert into student (name, birthdate, credits, average_grade) values ('Hersch', '10/04/2003', 23, 18)
""2022-11-02 [reactor-tcp-nio-1] DEBUG o.s.r.connection.init.ScriptUtils - 1 returned as update count for SQL: insert into student (name, birthdate, credits, average_grade) values ('Reggis', '07/12/2000', 146, 12)
""2022-11-02 [reactor-tcp-nio-1] DEBUG o.s.r.connection.init.ScriptUtils - 1 returned as update count for SQL: insert into student (name, birthdate, credits, average_grade) values ('Kimberley', '01/03/2003', 60, 9)
""2022-11-02 [reactor-tcp-nio-1] DEBUG o.s.r.connection.init.ScriptUtils - 1 returned as update count for SQL: insert into professor (name) values ('Ruthe')
""2022-11-02 [reactor-tcp-nio-1] DEBUG o.s.r.connection.init.ScriptUtils - 1 returned as update count for SQL: insert into professor (name) values ('Salmon')
""2022-11-02 [reactor-tcp-nio-1] DEBUG o.s.r.connection.init.ScriptUtils - 1 returned as update count for SQL: insert into professor (name) values ('Land')
""2022-11-02 [reactor-tcp-nio-1] DEBUG o.s.r.connection.init.ScriptUtils - 1 returned as update count for SQL: insert into student_professor (student_id, professor_id) values (1,1)
""2022-11-02 [reactor-tcp-nio-1] DEBUG o.s.r.connection.init.ScriptUtils - 1 returned as update count for SQL: insert into student_professor (student_id, professor_id) values (1,3)
""2022-11-02 [reactor-tcp-nio-1] DEBUG o.s.r.connection.init.ScriptUtils - 1 returned as update count for SQL: insert into student_professor (student_id, professor_id) values (2,1)
""2022-11-02 [reactor-tcp-nio-1] DEBUG o.s.r.connection.init.ScriptUtils - 1 returned as update count for SQL: insert into student_professor (student_id, professor_id) values (3,1)
""2022-11-02 [reactor-tcp-nio-1] DEBUG o.s.r.connection.init.ScriptUtils - 1 returned as update count for SQL: insert into student_professor (student_id, professor_id) values (4,1)
""2022-11-02 [reactor-tcp-nio-1] DEBUG o.s.r.connection.init.ScriptUtils - 1 returned as update count for SQL: insert into student_professor (student_id, professor_id) values (5,2)
""2022-11-02 [reactor-tcp-nio-1] DEBUG o.s.r.connection.init.ScriptUtils - 1 returned as update count for SQL: insert into student_professor (student_id, professor_id) values (6,2)
""2022-11-02 [reactor-tcp-nio-1] DEBUG o.s.r.connection.init.ScriptUtils - 1 returned as update count for SQL: insert into student_professor (student_id, professor_id) values (7,2)
""2022-11-02 [reactor-tcp-nio-1] DEBUG o.s.r.connection.init.ScriptUtils - 1 returned as update count for SQL: insert into student_professor (student_id, professor_id) values (8,3)
""2022-11-02 [reactor-tcp-nio-1] DEBUG o.s.r.connection.init.ScriptUtils - 1 returned as update count for SQL: insert into student_professor (student_id, professor_id) values (9,3)
""2022-11-02 [reactor-tcp-nio-1] DEBUG o.s.r.connection.init.ScriptUtils - Executed SQL script from URL [file:/C:/Users/filip/Documents/UniversityStuff/SystemsIntegration/Assignment_2/server/target/classes/schema.sql] in 141 ms.
""2022-11-02 [restartedMain] INFO  o.s.b.w.e.netty.NettyWebServer - Netty started on port 8080
""2022-11-02 [restartedMain] INFO  com.example.server.ServerApplication - Started ServerApplication in 1.873 seconds (JVM running for 2.382)
""2022-11-02 [restartedMain] INFO  com.example.server.ServerApplication - Starting ServerApplication using Java 19.0.1 on LAPTOP with PID 19544 (C:\Users\filip\Documents\UniversityStuff\SystemsIntegration\Assignment_2\server\target\classes started by filip in C:\Users\filip\Documents\UniversityStuff\SystemsIntegration\Assignment_2\server)
""2022-11-02 [restartedMain] INFO  com.example.server.ServerApplication - No active profile set, falling back to 1 default profile: "default"
""2022-11-02 [restartedMain] INFO  o.s.b.d.e.DevToolsPropertyDefaultsPostProcessor - Devtools property defaults active! Set 'spring.devtools.add-properties' to 'false' to disable
""2022-11-02 [restartedMain] INFO  o.s.b.d.e.DevToolsPropertyDefaultsPostProcessor - For additional web related logging consider setting the 'logging.level.web' property to 'DEBUG'
""2022-11-02 [restartedMain] INFO  o.s.d.r.c.RepositoryConfigurationDelegate - Bootstrapping Spring Data R2DBC repositories in DEFAULT mode.
""2022-11-02 [restartedMain] INFO  o.s.d.r.c.RepositoryConfigurationDelegate - Finished Spring Data repository scanning in 92 ms. Found 3 R2DBC repository interfaces.
""2022-11-02 [restartedMain] INFO  o.s.b.d.a.OptionalLiveReloadServer - LiveReload server is running on port 35729
""2022-11-02 [restartedMain] DEBUG o.s.w.r.r.m.a.RequestMappingHandlerMapping - 14 mappings in 'requestMappingHandlerMapping'
""2022-11-02 [restartedMain] DEBUG o.s.w.r.h.SimpleUrlHandlerMapping - Patterns [/webjars/**, /**] in 'resourceHandlerMapping'
""2022-11-02 [restartedMain] DEBUG o.s.w.r.r.m.a.ControllerMethodResolver - ControllerAdvice beans: none
""2022-11-02 [restartedMain] DEBUG o.s.w.s.a.HttpWebHandlerAdapter - enableLoggingRequestDetails='false': form data and headers will be masked to prevent unsafe logging of potentially sensitive data
""2022-11-02 [reactor-tcp-nio-1] DEBUG o.s.r.connection.init.ScriptUtils - Executing SQL script from URL [file:/C:/Users/filip/Documents/UniversityStuff/SystemsIntegration/Assignment_2/server/target/classes/schema.sql]
""2022-11-02 [reactor-tcp-nio-1] DEBUG o.s.r.connection.init.ScriptUtils - 0 returned as update count for SQL: DROP TABLE IF EXISTS student_professor
""2022-11-02 [reactor-tcp-nio-1] DEBUG o.s.r.connection.init.ScriptUtils - 0 returned as update count for SQL: DROP TABLE IF EXISTS student
""2022-11-02 [reactor-tcp-nio-1] DEBUG o.s.r.connection.init.ScriptUtils - 0 returned as update count for SQL: DROP TABLE IF EXISTS professor
""2022-11-02 [reactor-tcp-nio-1] DEBUG o.s.r.connection.init.ScriptUtils - 0 returned as update count for SQL: CREATE TABLE student ( id SERIAL, name VARCHAR(255) NOT NULL, birthdate VARCHAR(255) NOT NULL, credits INTEGER, average_grade INTEGER NOT NULL, PRIMARY KEY(id) )
""2022-11-02 [reactor-tcp-nio-1] DEBUG o.s.r.connection.init.ScriptUtils - 0 returned as update count for SQL: CREATE TABLE professor ( id SERIAL, name VARCHAR(255) NOT NULL, PRIMARY KEY(id) )
""2022-11-02 [reactor-tcp-nio-1] DEBUG o.s.r.connection.init.ScriptUtils - 0 returned as update count for SQL: CREATE TABLE student_professor ( id SERIAL, student_id BIGINT, professor_id BIGINT, PRIMARY KEY(id) )
""2022-11-02 [reactor-tcp-nio-1] DEBUG o.s.r.connection.init.ScriptUtils - 0 returned as update count for SQL: ALTER TABLE student_professor ADD CONSTRAINT student_professor_fk1 FOREIGN KEY (student_id) REFERENCES student(id)
""2022-11-02 [reactor-tcp-nio-1] DEBUG o.s.r.connection.init.ScriptUtils - 0 returned as update count for SQL: ALTER TABLE student_professor ADD CONSTRAINT student_professor_fk2 FOREIGN KEY (professor_id) REFERENCES professor(id)
""2022-11-02 [reactor-tcp-nio-1] DEBUG o.s.r.connection.init.ScriptUtils - 1 returned as update count for SQL: insert into student (name, birthdate, credits, average_grade) values ('Lucille', '04/12/2000', 103, 14)
""2022-11-02 [reactor-tcp-nio-1] DEBUG o.s.r.connection.init.ScriptUtils - 1 returned as update count for SQL: insert into student (name, birthdate, credits, average_grade) values ('Harrison', '11/10/2003', 4, 15)
""2022-11-02 [reactor-tcp-nio-1] DEBUG o.s.r.connection.init.ScriptUtils - 1 returned as update count for SQL: insert into student (name, birthdate, credits, average_grade) values ('Carl', '02/10/2004', 119, 20)
""2022-11-02 [reactor-tcp-nio-1] DEBUG o.s.r.connection.init.ScriptUtils - 1 returned as update count for SQL: insert into student (name, birthdate, credits, average_grade) values ('Bryon', '07/08/1998', 86, 15)
""2022-11-02 [reactor-tcp-nio-1] DEBUG o.s.r.connection.init.ScriptUtils - 1 returned as update count for SQL: insert into student (name, birthdate, credits, average_grade) values ('Angus', '08/09/2002', 160, 17)
""2022-11-02 [reactor-tcp-nio-1] DEBUG o.s.r.connection.init.ScriptUtils - 1 returned as update count for SQL: insert into student (name, birthdate, credits, average_grade) values ('Berti', '04/11/1999', 107, 17)
""2022-11-02 [reactor-tcp-nio-1] DEBUG o.s.r.connection.init.ScriptUtils - 1 returned as update count for SQL: insert into student (name, birthdate, credits, average_grade) values ('Faber', '03/02/1998', 169, 13)
""2022-11-02 [reactor-tcp-nio-1] DEBUG o.s.r.connection.init.ScriptUtils - 1 returned as update count for SQL: insert into student (name, birthdate, credits, average_grade) values ('Hersch', '10/04/2003', 23, 18)
""2022-11-02 [reactor-tcp-nio-1] DEBUG o.s.r.connection.init.ScriptUtils - 1 returned as update count for SQL: insert into student (name, birthdate, credits, average_grade) values ('Reggis', '07/12/2000', 146, 12)
""2022-11-02 [reactor-tcp-nio-1] DEBUG o.s.r.connection.init.ScriptUtils - 1 returned as update count for SQL: insert into student (name, birthdate, credits, average_grade) values ('Kimberley', '01/03/2003', 60, 9)
""2022-11-02 [reactor-tcp-nio-1] DEBUG o.s.r.connection.init.ScriptUtils - 1 returned as update count for SQL: insert into professor (name) values ('Ruthe')
""2022-11-02 [reactor-tcp-nio-1] DEBUG o.s.r.connection.init.ScriptUtils - 1 returned as update count for SQL: insert into professor (name) values ('Salmon')
""2022-11-02 [reactor-tcp-nio-1] DEBUG o.s.r.connection.init.ScriptUtils - 1 returned as update count for SQL: insert into professor (name) values ('Land')
""2022-11-02 [reactor-tcp-nio-1] DEBUG o.s.r.connection.init.ScriptUtils - 1 returned as update count for SQL: insert into student_professor (student_id, professor_id) values (1,1)
""2022-11-02 [reactor-tcp-nio-1] DEBUG o.s.r.connection.init.ScriptUtils - 1 returned as update count for SQL: insert into student_professor (student_id, professor_id) values (1,3)
""2022-11-02 [reactor-tcp-nio-1] DEBUG o.s.r.connection.init.ScriptUtils - 1 returned as update count for SQL: insert into student_professor (student_id, professor_id) values (2,1)
""2022-11-02 [reactor-tcp-nio-1] DEBUG o.s.r.connection.init.ScriptUtils - 1 returned as update count for SQL: insert into student_professor (student_id, professor_id) values (3,1)
""2022-11-02 [reactor-tcp-nio-1] DEBUG o.s.r.connection.init.ScriptUtils - 1 returned as update count for SQL: insert into student_professor (student_id, professor_id) values (4,1)
""2022-11-02 [reactor-tcp-nio-1] DEBUG o.s.r.connection.init.ScriptUtils - 1 returned as update count for SQL: insert into student_professor (student_id, professor_id) values (5,2)
""2022-11-02 [reactor-tcp-nio-1] DEBUG o.s.r.connection.init.ScriptUtils - 1 returned as update count for SQL: insert into student_professor (student_id, professor_id) values (6,2)
""2022-11-02 [reactor-tcp-nio-1] DEBUG o.s.r.connection.init.ScriptUtils - 1 returned as update count for SQL: insert into student_professor (student_id, professor_id) values (7,2)
""2022-11-02 [reactor-tcp-nio-1] DEBUG o.s.r.connection.init.ScriptUtils - 1 returned as update count for SQL: insert into student_professor (student_id, professor_id) values (8,3)
""2022-11-02 [reactor-tcp-nio-1] DEBUG o.s.r.connection.init.ScriptUtils - 1 returned as update count for SQL: insert into student_professor (student_id, professor_id) values (9,3)
""2022-11-02 [reactor-tcp-nio-1] DEBUG o.s.r.connection.init.ScriptUtils - Executed SQL script from URL [file:/C:/Users/filip/Documents/UniversityStuff/SystemsIntegration/Assignment_2/server/target/classes/schema.sql] in 170 ms.
""2022-11-02 [restartedMain] INFO  o.s.b.w.e.netty.NettyWebServer - Netty started on port 8080
""2022-11-02 [restartedMain] INFO  com.example.server.ServerApplication - Started ServerApplication in 1.952 seconds (JVM running for 2.544)
""2022-11-02 [reactor-http-nio-3] DEBUG o.s.w.s.a.HttpWebHandlerAdapter - [3d447517-1] HTTP GET "/professor/"
""2022-11-02 [reactor-http-nio-3] DEBUG o.s.w.r.r.m.a.RequestMappingHandlerMapping - [3d447517-1] Mapped to com.example.server.controllers.ProfessorController#getAllProfessors()
""2022-11-02 [reactor-http-nio-3] DEBUG o.s.w.r.r.m.a.ResponseBodyResultHandler - [3d447517-1] Using 'application/json' given [*/*] and supported [application/json, application/*+json, application/x-ndjson, text/event-stream]
""2022-11-02 [reactor-http-nio-3] DEBUG o.s.w.r.r.m.a.ResponseBodyResultHandler - [3d447517-1] 0..N [com.example.server.entity.Professor]
""2022-11-02 [reactor-http-nio-3] DEBUG o.s.r2dbc.core.DefaultDatabaseClient - Executing SQL statement [SELECT professor.* FROM professor]
""2022-11-02 [reactor-tcp-nio-1] DEBUG org.springframework.web.HttpLogging - [3d447517-1] Encoding [[Professor{id=1, name='Ruthe'}, Professor{id=2, name='Salmon'}, Professor{id=3, name='Land'}]]
""2022-11-02 [reactor-http-nio-3] DEBUG o.s.w.s.a.HttpWebHandlerAdapter - [3d447517-1] Completed 200 OK
""2022-11-02 [reactor-http-nio-3] DEBUG o.s.w.s.a.HttpWebHandlerAdapter - [3d447517-2] HTTP POST "/professor/add"
""2022-11-02 [reactor-http-nio-3] DEBUG o.s.w.r.r.m.a.RequestMappingHandlerMapping - [3d447517-2] Mapped to com.example.server.controllers.ProfessorController#addProfessor(Professor)
""2022-11-02 [reactor-http-nio-3] DEBUG o.s.w.r.r.m.a.RequestBodyMethodArgumentResolver - [3d447517-2] Content-Type:application/json
""2022-11-02 [reactor-http-nio-3] DEBUG o.s.w.r.r.m.a.RequestBodyMethodArgumentResolver - [3d447517-2] 0..1 [com.example.server.entity.Professor]
""2022-11-02 [reactor-http-nio-3] DEBUG org.springframework.web.HttpLogging - [3d447517-2] Decoded [Professor{id=null, name='Filipe Silva'}]
""2022-11-02 [reactor-http-nio-3] INFO  c.e.s.c.ProfessorController - Professor Created: Professor{id=null, name='Filipe Silva'}
""2022-11-02 [reactor-http-nio-3] DEBUG o.s.w.r.r.m.a.ResponseBodyResultHandler - [3d447517-2] Using 'application/json' given [*/*] and supported [application/json, application/*+json, application/x-ndjson, text/event-stream]
""2022-11-02 [reactor-http-nio-3] DEBUG o.s.w.r.r.m.a.ResponseBodyResultHandler - [3d447517-2] 0..1 [com.example.server.entity.Professor]
""2022-11-02 [reactor-http-nio-3] DEBUG o.s.r2dbc.core.DefaultDatabaseClient - Executing SQL statement [INSERT INTO professor (name) VALUES ($1)]
""2022-11-02 [reactor-tcp-nio-1] DEBUG org.springframework.web.HttpLogging - [3d447517-2] Encoding [Professor{id=4, name='Filipe Silva'}]
""2022-11-02 [reactor-http-nio-3] DEBUG o.s.w.s.a.HttpWebHandlerAdapter - [3d447517-2] Completed 200 OK
""2022-11-02 [restartedMain] INFO  com.example.server.ServerApplication - Starting ServerApplication using Java 19.0.1 on LAPTOP with PID 12384 (C:\Users\filip\Documents\UniversityStuff\SystemsIntegration\Assignment_2\server\target\classes started by filip in C:\Users\filip\Documents\UniversityStuff\SystemsIntegration\Assignment_2\server)
""2022-11-02 [restartedMain] INFO  com.example.server.ServerApplication - No active profile set, falling back to 1 default profile: "default"
""2022-11-02 [restartedMain] INFO  o.s.b.d.e.DevToolsPropertyDefaultsPostProcessor - Devtools property defaults active! Set 'spring.devtools.add-properties' to 'false' to disable
""2022-11-02 [restartedMain] INFO  o.s.b.d.e.DevToolsPropertyDefaultsPostProcessor - For additional web related logging consider setting the 'logging.level.web' property to 'DEBUG'
""2022-11-02 [restartedMain] INFO  o.s.d.r.c.RepositoryConfigurationDelegate - Bootstrapping Spring Data R2DBC repositories in DEFAULT mode.
""2022-11-02 [restartedMain] INFO  o.s.d.r.c.RepositoryConfigurationDelegate - Finished Spring Data repository scanning in 92 ms. Found 3 R2DBC repository interfaces.
""2022-11-02 [restartedMain] INFO  o.s.b.d.a.OptionalLiveReloadServer - LiveReload server is running on port 35729
""2022-11-02 [restartedMain] DEBUG o.s.w.r.r.m.a.RequestMappingHandlerMapping - 14 mappings in 'requestMappingHandlerMapping'
""2022-11-02 [restartedMain] DEBUG o.s.w.r.h.SimpleUrlHandlerMapping - Patterns [/webjars/**, /**] in 'resourceHandlerMapping'
""2022-11-02 [restartedMain] DEBUG o.s.w.r.r.m.a.ControllerMethodResolver - ControllerAdvice beans: none
""2022-11-02 [restartedMain] DEBUG o.s.w.s.a.HttpWebHandlerAdapter - enableLoggingRequestDetails='false': form data and headers will be masked to prevent unsafe logging of potentially sensitive data
""2022-11-02 [reactor-tcp-nio-1] DEBUG o.s.r.connection.init.ScriptUtils - Executing SQL script from URL [file:/C:/Users/filip/Documents/UniversityStuff/SystemsIntegration/Assignment_2/server/target/classes/schema.sql]
""2022-11-02 [reactor-tcp-nio-1] DEBUG o.s.r.connection.init.ScriptUtils - 0 returned as update count for SQL: DROP TABLE IF EXISTS student_professor
""2022-11-02 [reactor-tcp-nio-1] DEBUG o.s.r.connection.init.ScriptUtils - 0 returned as update count for SQL: DROP TABLE IF EXISTS student
""2022-11-02 [reactor-tcp-nio-1] DEBUG o.s.r.connection.init.ScriptUtils - 0 returned as update count for SQL: DROP TABLE IF EXISTS professor
""2022-11-02 [reactor-tcp-nio-1] DEBUG o.s.r.connection.init.ScriptUtils - 0 returned as update count for SQL: CREATE TABLE student ( id SERIAL, name VARCHAR(255) NOT NULL, birthdate VARCHAR(255) NOT NULL, credits INTEGER, average_grade INTEGER NOT NULL, PRIMARY KEY(id) )
""2022-11-02 [reactor-tcp-nio-1] DEBUG o.s.r.connection.init.ScriptUtils - 0 returned as update count for SQL: CREATE TABLE professor ( id SERIAL, name VARCHAR(255) NOT NULL, PRIMARY KEY(id) )
""2022-11-02 [reactor-tcp-nio-1] DEBUG o.s.r.connection.init.ScriptUtils - 0 returned as update count for SQL: CREATE TABLE student_professor ( id SERIAL, student_id BIGINT, professor_id BIGINT, PRIMARY KEY(id) )
""2022-11-02 [reactor-tcp-nio-1] DEBUG o.s.r.connection.init.ScriptUtils - 0 returned as update count for SQL: ALTER TABLE student_professor ADD CONSTRAINT student_professor_fk1 FOREIGN KEY (student_id) REFERENCES student(id)
""2022-11-02 [reactor-tcp-nio-1] DEBUG o.s.r.connection.init.ScriptUtils - 0 returned as update count for SQL: ALTER TABLE student_professor ADD CONSTRAINT student_professor_fk2 FOREIGN KEY (professor_id) REFERENCES professor(id)
""2022-11-02 [reactor-tcp-nio-1] DEBUG o.s.r.connection.init.ScriptUtils - 1 returned as update count for SQL: insert into student (name, birthdate, credits, average_grade) values ('Lucille', '04/12/2000', 103, 14)
""2022-11-02 [reactor-tcp-nio-1] DEBUG o.s.r.connection.init.ScriptUtils - 1 returned as update count for SQL: insert into student (name, birthdate, credits, average_grade) values ('Harrison', '11/10/2003', 4, 15)
""2022-11-02 [reactor-tcp-nio-1] DEBUG o.s.r.connection.init.ScriptUtils - 1 returned as update count for SQL: insert into student (name, birthdate, credits, average_grade) values ('Carl', '02/10/2004', 119, 20)
""2022-11-02 [reactor-tcp-nio-1] DEBUG o.s.r.connection.init.ScriptUtils - 1 returned as update count for SQL: insert into student (name, birthdate, credits, average_grade) values ('Bryon', '07/08/1998', 86, 15)
""2022-11-02 [reactor-tcp-nio-1] DEBUG o.s.r.connection.init.ScriptUtils - 1 returned as update count for SQL: insert into student (name, birthdate, credits, average_grade) values ('Angus', '08/09/2002', 160, 17)
""2022-11-02 [reactor-tcp-nio-1] DEBUG o.s.r.connection.init.ScriptUtils - 1 returned as update count for SQL: insert into student (name, birthdate, credits, average_grade) values ('Berti', '04/11/1999', 107, 17)
""2022-11-02 [reactor-tcp-nio-1] DEBUG o.s.r.connection.init.ScriptUtils - 1 returned as update count for SQL: insert into student (name, birthdate, credits, average_grade) values ('Faber', '03/02/1998', 169, 13)
""2022-11-02 [reactor-tcp-nio-1] DEBUG o.s.r.connection.init.ScriptUtils - 1 returned as update count for SQL: insert into student (name, birthdate, credits, average_grade) values ('Hersch', '10/04/2003', 23, 18)
""2022-11-02 [reactor-tcp-nio-1] DEBUG o.s.r.connection.init.ScriptUtils - 1 returned as update count for SQL: insert into student (name, birthdate, credits, average_grade) values ('Reggis', '07/12/2000', 146, 12)
""2022-11-02 [reactor-tcp-nio-1] DEBUG o.s.r.connection.init.ScriptUtils - 1 returned as update count for SQL: insert into student (name, birthdate, credits, average_grade) values ('Kimberley', '01/03/2003', 60, 9)
""2022-11-02 [reactor-tcp-nio-1] DEBUG o.s.r.connection.init.ScriptUtils - 1 returned as update count for SQL: insert into professor (name) values ('Ruthe')
""2022-11-02 [reactor-tcp-nio-1] DEBUG o.s.r.connection.init.ScriptUtils - 1 returned as update count for SQL: insert into professor (name) values ('Salmon')
""2022-11-02 [reactor-tcp-nio-1] DEBUG o.s.r.connection.init.ScriptUtils - 1 returned as update count for SQL: insert into professor (name) values ('Land')
""2022-11-02 [reactor-tcp-nio-1] DEBUG o.s.r.connection.init.ScriptUtils - 1 returned as update count for SQL: insert into student_professor (student_id, professor_id) values (1,1)
""2022-11-02 [reactor-tcp-nio-1] DEBUG o.s.r.connection.init.ScriptUtils - 1 returned as update count for SQL: insert into student_professor (student_id, professor_id) values (1,3)
""2022-11-02 [reactor-tcp-nio-1] DEBUG o.s.r.connection.init.ScriptUtils - 1 returned as update count for SQL: insert into student_professor (student_id, professor_id) values (2,1)
""2022-11-02 [reactor-tcp-nio-1] DEBUG o.s.r.connection.init.ScriptUtils - 1 returned as update count for SQL: insert into student_professor (student_id, professor_id) values (3,1)
""2022-11-02 [reactor-tcp-nio-1] DEBUG o.s.r.connection.init.ScriptUtils - 1 returned as update count for SQL: insert into student_professor (student_id, professor_id) values (4,1)
""2022-11-02 [reactor-tcp-nio-1] DEBUG o.s.r.connection.init.ScriptUtils - 1 returned as update count for SQL: insert into student_professor (student_id, professor_id) values (5,2)
""2022-11-02 [reactor-tcp-nio-1] DEBUG o.s.r.connection.init.ScriptUtils - 1 returned as update count for SQL: insert into student_professor (student_id, professor_id) values (6,2)
""2022-11-02 [reactor-tcp-nio-1] DEBUG o.s.r.connection.init.ScriptUtils - 1 returned as update count for SQL: insert into student_professor (student_id, professor_id) values (7,2)
""2022-11-02 [reactor-tcp-nio-1] DEBUG o.s.r.connection.init.ScriptUtils - 1 returned as update count for SQL: insert into student_professor (student_id, professor_id) values (8,3)
""2022-11-02 [reactor-tcp-nio-1] DEBUG o.s.r.connection.init.ScriptUtils - 1 returned as update count for SQL: insert into student_professor (student_id, professor_id) values (9,3)
""2022-11-02 [reactor-tcp-nio-1] DEBUG o.s.r.connection.init.ScriptUtils - Executed SQL script from URL [file:/C:/Users/filip/Documents/UniversityStuff/SystemsIntegration/Assignment_2/server/target/classes/schema.sql] in 139 ms.
""2022-11-02 [restartedMain] INFO  o.s.b.w.e.netty.NettyWebServer - Netty started on port 8080
""2022-11-02 [restartedMain] INFO  com.example.server.ServerApplication - Started ServerApplication in 1.849 seconds (JVM running for 2.356)
""2022-11-02 [reactor-http-nio-3] DEBUG o.s.w.s.a.HttpWebHandlerAdapter - [f1cae19b-1] HTTP GET "/student/"
""2022-11-02 [reactor-http-nio-3] DEBUG o.s.w.r.r.m.a.RequestMappingHandlerMapping - [f1cae19b-1] Mapped to com.example.server.controllers.StudentController#getAllStudents()
""2022-11-02 [reactor-http-nio-3] INFO  c.e.s.controllers.StudentController - [ENDPOINT] getAllStudents was called
""2022-11-02 [reactor-http-nio-3] DEBUG o.s.w.r.r.m.a.ResponseBodyResultHandler - [f1cae19b-1] Using 'application/json' given [*/*] and supported [application/json, application/*+json, application/x-ndjson, text/event-stream]
""2022-11-02 [reactor-http-nio-3] DEBUG o.s.w.r.r.m.a.ResponseBodyResultHandler - [f1cae19b-1] 0..N [com.example.server.entity.Student]
""2022-11-02 [reactor-http-nio-3] DEBUG o.s.r2dbc.core.DefaultDatabaseClient - Executing SQL statement [SELECT student.* FROM student]
""2022-11-02 [reactor-tcp-nio-1] DEBUG org.springframework.web.HttpLogging - [f1cae19b-1] Encoding [[Student{id=1, name='Lucille', birthdate=04/12/2000, credits=103, avgGrade=14}, Student{id=2, name=' (truncated)...]
""2022-11-02 [reactor-http-nio-3] DEBUG o.s.w.s.a.HttpWebHandlerAdapter - [f1cae19b-1] Completed 200 OK
""2022-11-02 [reactor-http-nio-3] DEBUG o.s.w.s.a.HttpWebHandlerAdapter - [f1cae19b-2] HTTP POST "/student/add"
""2022-11-02 [reactor-http-nio-3] DEBUG o.s.w.r.r.m.a.RequestMappingHandlerMapping - [f1cae19b-2] Mapped to com.example.server.controllers.StudentController#addStudent(Student)
""2022-11-02 [reactor-http-nio-3] DEBUG o.s.w.r.r.m.a.RequestBodyMethodArgumentResolver - [f1cae19b-2] Content-Type:application/json
""2022-11-02 [reactor-http-nio-3] DEBUG o.s.w.r.r.m.a.RequestBodyMethodArgumentResolver - [f1cae19b-2] 0..1 [com.example.server.entity.Student]
""2022-11-02 [reactor-http-nio-3] DEBUG org.springframework.web.HttpLogging - [f1cae19b-2] Decoded [Student{id=null, name='joao', birthdate=2003-03-01, credits=60, avgGrade=9}]
""2022-11-02 [reactor-http-nio-3] INFO  c.e.s.controllers.StudentController - [ENDPOINT] addStudent with contents: Student{id=null, name='joao', birthdate=2003-03-01, credits=60, avgGrade=9}
""2022-11-02 [reactor-http-nio-3] DEBUG o.s.w.r.r.m.a.ResponseBodyResultHandler - [f1cae19b-2] Using 'application/json' given [*/*] and supported [application/json, application/*+json, application/x-ndjson, text/event-stream]
""2022-11-02 [reactor-http-nio-3] DEBUG o.s.w.r.r.m.a.ResponseBodyResultHandler - [f1cae19b-2] 0..1 [com.example.server.entity.Student]
""2022-11-02 [reactor-http-nio-3] DEBUG o.s.r2dbc.core.DefaultDatabaseClient - Executing SQL statement [INSERT INTO student (name, birthdate, credits, average_grade) VALUES ($1, $2, $3, $4)]
""2022-11-02 [reactor-tcp-nio-1] DEBUG org.springframework.web.HttpLogging - [f1cae19b-2] Encoding [Student{id=11, name='joao', birthdate=2003-03-01, credits=60, avgGrade=9}]
""2022-11-02 [reactor-http-nio-3] DEBUG o.s.w.s.a.HttpWebHandlerAdapter - [f1cae19b-2] Completed 200 OK
"